2024-03-06 15:37:07,048 : __init__ - DEBUG - Using proactor: %s
2024-03-06 15:37:07,313 : start_polling - INFO - Start polling
2024-03-06 15:37:07,364 : _polling - INFO - Run polling for bot @%s id=%d - %r
2024-03-06 15:37:17,296 : magic_filter_artem_v - INFO - Login_444 написал Еще разок"
2024-03-06 15:37:17,483 : feed_update - INFO - Update id=%s is %s. Duration %d ms by bot id=%d
2024-03-06 15:37:21,898 : magic_filter_artem_v - INFO - Login_444 написал Точно работает?"
2024-03-06 15:37:21,975 : feed_update - INFO - Update id=%s is %s. Duration %d ms by bot id=%d
2024-03-06 15:39:27,098 : start_polling - INFO - Polling stopped
2024-03-06 15:39:27,098 : _polling - INFO - Polling stopped for bot @%s id=%d - %r
2024-03-06 15:40:36,827 : __init__ - DEBUG - Using proactor: %s
2024-03-06 15:40:37,183 : start_polling - INFO - Start polling
2024-03-06 15:40:37,265 : _polling - INFO - Run polling for bot @%s id=%d - %r
2024-03-06 15:40:51,215 : magic_filter_artem_v - INFO - Login_444 написал эй, ты пишешь?"
2024-03-06 15:40:51,437 : feed_update - INFO - Update id=%s is %s. Duration %d ms by bot id=%d
2024-03-06 15:40:54,081 : magic_filter_artem_v - INFO - Login_444 написал точно пишешь?"
2024-03-06 15:40:54,165 : feed_update - INFO - Update id=%s is %s. Duration %d ms by bot id=%d
2024-03-06 15:40:57,542 : magic_filter_artem_v - INFO - Login_444 написал все норм?"
2024-03-06 15:40:57,940 : feed_update - INFO - Update id=%s is %s. Duration %d ms by bot id=%d
2024-03-06 15:41:00,733 : start_polling - INFO - Polling stopped
2024-03-06 15:41:00,734 : _polling - INFO - Polling stopped for bot @%s id=%d - %r
2024-03-06 15:41:51,888 : __init__ - DEBUG - Using proactor: %s
2024-03-06 15:41:52,158 : start_polling - INFO - Start polling
2024-03-06 15:41:52,206 : _polling - INFO - Run polling for bot @%s id=%d - %r
2024-03-06 15:41:56,170 : start_cmd - WARNING - Login_444 запустил бота
2024-03-06 15:41:56,387 : feed_update - INFO - Update id=%s is %s. Duration %d ms by bot id=%d
2024-03-06 15:42:00,050 : menu_cmd_artem_v - INFO - Login_444 открыл "меню"
2024-03-06 15:42:00,130 : feed_update - INFO - Update id=%s is %s. Duration %d ms by bot id=%d
2024-03-06 15:42:01,283 : about_cmd_artem_v - INFO - Login_444 открыл "о нас"
2024-03-06 15:42:01,367 : feed_update - INFO - Update id=%s is %s. Duration %d ms by bot id=%d
2024-03-06 15:42:02,257 : other_cmd_artem_v - INFO - Login_444 открыл "другое"
2024-03-06 15:42:02,353 : feed_update - INFO - Update id=%s is %s. Duration %d ms by bot id=%d
2024-03-06 15:42:08,499 : magic_filter_artem_v - INFO - Login_444 написал АААААААААААААААААААААААА?"
2024-03-06 15:42:08,714 : feed_update - INFO - Update id=%s is %s. Duration %d ms by bot id=%d
2024-03-06 15:42:44,857 : start_polling - INFO - Polling stopped
2024-03-06 15:42:44,857 : _polling - INFO - Polling stopped for bot @%s id=%d - %r
